/*C2*/SET SCHEMA PUBLIC
DISCONNECT
/*C3*/SET SCHEMA PUBLIC
DISCONNECT
/*C4*/SET SCHEMA PUBLIC
DISCONNECT
/*C5*/SET SCHEMA PUBLIC
DISCONNECT
/*C7*/SET SCHEMA PUBLIC
DISCONNECT
/*C6*/SET SCHEMA PUBLIC
DISCONNECT
/*C9*/SET SCHEMA PUBLIC
DISCONNECT
/*C8*/SET SCHEMA PUBLIC
DISCONNECT
/*C10*/SET SCHEMA PUBLIC
CREATE TABLE IF NOT EXISTS EmployeesInfo (id INTEGER IDENTITY PRIMARY KEY, employeenumber VARCHAR(50) NOT NULL, firstname VARCHAR(50) NOT NULL, lastname VARCHAR(50) NOT NULL)
DISCONNECT
/*C11*/SET SCHEMA PUBLIC
DISCONNECT
/*C12*/SET SCHEMA PUBLIC
CREATE TABLE IF NOT EXISTS EmployeesInfo (id INTEGER IDENTITY PRIMARY KEY, employeenumber VARCHAR(50) NOT NULL, firstname VARCHAR(50) NOT NULL, lastname VARCHAR(50) NOT NULL)
/*C13*/SET SCHEMA PUBLIC
DISCONNECT
/*C12*/DISCONNECT
/*C14*/SET SCHEMA PUBLIC
CREATE TABLE IF NOT EXISTS EmployeesInfo (id INTEGER IDENTITY PRIMARY KEY, employeenumber VARCHAR(50) NOT NULL, firstname VARCHAR(50) NOT NULL, lastname VARCHAR(50) NOT NULL)
/*C15*/SET SCHEMA PUBLIC
INSERT INTO EMPLOYEESINFO VALUES(0,'1.0','Andre','Belmont')
INSERT INTO EMPLOYEESINFO VALUES(1,'2.0','Bruno','Tanguay')
INSERT INTO EMPLOYEESINFO VALUES(2,'3.0','Carl','Carmant')
COMMIT
DISCONNECT
/*C14*/DISCONNECT
/*C16*/SET SCHEMA PUBLIC
CREATE TABLE IF NOT EXISTS EmployeesInfo (id INTEGER IDENTITY PRIMARY KEY, employeenumber VARCHAR(50) NOT NULL, firstname VARCHAR(50) NOT NULL, lastname VARCHAR(50) NOT NULL)
/*C17*/SET SCHEMA PUBLIC
INSERT INTO EMPLOYEESINFO VALUES(3,'1.0','Andre','Belmont')
INSERT INTO EMPLOYEESINFO VALUES(4,'2.0','Bruno','Tanguay')
INSERT INTO EMPLOYEESINFO VALUES(5,'3.0','Carl','Carmant')
COMMIT
DISCONNECT
/*C16*/DISCONNECT
/*C18*/SET SCHEMA PUBLIC
CREATE TABLE IF NOT EXISTS EmployeesInfo (id INTEGER IDENTITY PRIMARY KEY, employeenumber VARCHAR(50) NOT NULL, firstname VARCHAR(50) NOT NULL, lastname VARCHAR(50) NOT NULL)
/*C19*/SET SCHEMA PUBLIC
INSERT INTO EMPLOYEESINFO VALUES(6,'1.0','Andre','Belmont')
INSERT INTO EMPLOYEESINFO VALUES(7,'2.0','Bruno','Tanguay')
INSERT INTO EMPLOYEESINFO VALUES(8,'3.0','Carl','Carmant')
COMMIT
/*C18*/DISCONNECT
/*C19*/DISCONNECT
/*C20*/SET SCHEMA PUBLIC
CREATE TABLE IF NOT EXISTS EmployeesInfo (id INTEGER IDENTITY PRIMARY KEY, employeenumber VARCHAR(50) NOT NULL, firstname VARCHAR(50) NOT NULL, lastname VARCHAR(50) NOT NULL)
/*C21*/SET SCHEMA PUBLIC
INSERT INTO EMPLOYEESINFO VALUES(9,'1.0','Andre','Belmont')
INSERT INTO EMPLOYEESINFO VALUES(10,'2.0','Bruno','Tanguay')
INSERT INTO EMPLOYEESINFO VALUES(11,'3.0','Carl','Carmant')
COMMIT
DISCONNECT
/*C20*/DISCONNECT
/*C22*/SET SCHEMA PUBLIC
CREATE TABLE IF NOT EXISTS EmployeesInfo (id INTEGER IDENTITY PRIMARY KEY, employeenumber VARCHAR(50) NOT NULL, firstname VARCHAR(50) NOT NULL, lastname VARCHAR(50) NOT NULL)
/*C23*/SET SCHEMA PUBLIC
INSERT INTO EMPLOYEESINFO VALUES(12,'1.0','Andre','Belmont')
INSERT INTO EMPLOYEESINFO VALUES(13,'2.0','Bruno','Tanguay')
INSERT INTO EMPLOYEESINFO VALUES(14,'3.0','Carl','Carmant')
COMMIT
DISCONNECT
/*C24*/SET SCHEMA PUBLIC
DISCONNECT
/*C22*/DISCONNECT
/*C25*/SET SCHEMA PUBLIC
CREATE TABLE IF NOT EXISTS EmployeesInfo (id INTEGER IDENTITY PRIMARY KEY, employeenumber VARCHAR(50) NOT NULL, firstname VARCHAR(50) NOT NULL, lastname VARCHAR(50) NOT NULL)
/*C26*/SET SCHEMA PUBLIC
INSERT INTO EMPLOYEESINFO VALUES(15,'1.0','Andre','Belmont')
INSERT INTO EMPLOYEESINFO VALUES(16,'2.0','Bruno','Tanguay')
INSERT INTO EMPLOYEESINFO VALUES(17,'3.0','Carl','Carmant')
COMMIT
/*C25*/DISCONNECT
/*C26*/DISCONNECT
/*C27*/SET SCHEMA PUBLIC
DISCONNECT
/*C28*/SET SCHEMA PUBLIC
CREATE TABLE IF NOT EXISTS EmployeesInfo (id INTEGER IDENTITY PRIMARY KEY, employeenumber VARCHAR(50) NOT NULL, firstname VARCHAR(50) NOT NULL, lastname VARCHAR(50) NOT NULL)
/*C29*/SET SCHEMA PUBLIC
INSERT INTO EMPLOYEESINFO VALUES(18,'1.0','Andre','Belmont')
INSERT INTO EMPLOYEESINFO VALUES(19,'2.0','Bruno','Tanguay')
INSERT INTO EMPLOYEESINFO VALUES(20,'3.0','Carl','Carmant')
COMMIT
/*C30*/SET SCHEMA PUBLIC
DISCONNECT
/*C29*/DISCONNECT
/*C28*/DISCONNECT
/*C31*/SET SCHEMA PUBLIC
CREATE TABLE IF NOT EXISTS EmployeesInfo (id INTEGER IDENTITY PRIMARY KEY, employeenumber VARCHAR(50) NOT NULL, firstname VARCHAR(50) NOT NULL, lastname VARCHAR(50) NOT NULL)
/*C32*/SET SCHEMA PUBLIC
INSERT INTO EMPLOYEESINFO VALUES(21,'1.0','Andre','Belmont')
INSERT INTO EMPLOYEESINFO VALUES(22,'2.0','Bruno','Tanguay')
INSERT INTO EMPLOYEESINFO VALUES(23,'3.0','Carl','Carmant')
COMMIT
DISCONNECT
/*C33*/SET SCHEMA PUBLIC
DISCONNECT
/*C31*/DISCONNECT
/*C34*/SET SCHEMA PUBLIC
CREATE TABLE IF NOT EXISTS EmployeesInfo (id INTEGER IDENTITY PRIMARY KEY, employeenumber VARCHAR(50) NOT NULL, firstname VARCHAR(50) NOT NULL, lastname VARCHAR(50) NOT NULL)
/*C35*/SET SCHEMA PUBLIC
INSERT INTO EMPLOYEESINFO VALUES(24,'1.0','Andre','Belmont')
INSERT INTO EMPLOYEESINFO VALUES(25,'2.0','Bruno','Tanguay')
INSERT INTO EMPLOYEESINFO VALUES(26,'3.0','Carl','Carmant')
COMMIT
